<?xml version="1.0" encoding="UTF-8"?>
<!-- Generated by org.testng.reporters.JUnitReportReporter -->
<testsuite hostname="mohammad" failures="0" tests="2" name="test.Login_Test" time="23.118" errors="0" timestamp="2025-08-15T18:36:34 EET" skipped="0">
  <testcase classname="test.Login_Test" name="Test_login_account" time="15.594"/>
  <testcase classname="test.Login_Test" name="test_email_notregistered" time="7.524"/>
</testsuite> <!-- test.Login_Test -->
