<?xml version="1.0" encoding="UTF-8"?>
<!-- Generated by org.testng.reporters.JUnitReportReporter -->
<testsuite hostname="mohammad" failures="0" tests="13" name="test.Tests" time="53.678" errors="0" timestamp="2025-08-21T17:00:53 EET" skipped="12">
  <testcase classname="test.Tests" name="ProceedingToCheckout" time="53.678"/>
  <testcase classname="test.Tests" name="RemainProductReLogin">
    <skipped/>
  </testcase> <!-- RemainProductReLogin -->
  <testcase classname="test.Tests" name="productDetails">
    <skipped/>
  </testcase> <!-- productDetails -->
  <testcase classname="test.Tests" name="login">
    <skipped/>
  </testcase> <!-- login -->
  <testcase classname="test.Tests" name="signUp">
    <skipped/>
  </testcase> <!-- signUp -->
  <testcase classname="test.Tests" name="InvalidInputsRegister">
    <skipped/>
  </testcase> <!-- InvalidInputsRegister -->
  <testcase classname="test.Tests" name="ResponsiveTest">
    <skipped/>
  </testcase> <!-- ResponsiveTest -->
  <testcase classname="test.Tests" name="logOut">
    <skipped/>
  </testcase> <!-- logOut -->
  <testcase classname="test.Tests" name="addedToCart">
    <skipped/>
  </testcase> <!-- addedToCart -->
  <testcase classname="test.Tests" name="viewAndModifyCart">
    <skipped/>
  </testcase> <!-- viewAndModifyCart -->
  <testcase classname="test.Tests" name="TestSearch">
    <skipped/>
  </testcase> <!-- TestSearch -->
  <testcase classname="test.Tests" name="PrivacyandPolicy">
    <skipped/>
  </testcase> <!-- PrivacyandPolicy -->
  <testcase classname="test.Tests" name="TestSortBy">
    <skipped/>
  </testcase> <!-- TestSortBy -->
</testsuite> <!-- test.Tests -->
