<?xml version="1.0" encoding="UTF-8"?>
<!-- Generated by org.testng.reporters.JUnitReportReporter -->
<testsuite hostname="mohammad" failures="0" tests="1" name="test.AddItemToCartTest" time="19.690" errors="0" timestamp="2025-08-20T16:54:25 EET" skipped="0">
  <testcase classname="test.AddItemToCartTest" name="testRandomNavigation" time="19.690"/>
</testsuite> <!-- test.AddItemToCartTest -->
