<?xml version="1.0" encoding="UTF-8"?>
<!-- Generated by org.testng.reporters.JUnitReportReporter -->
<testsuite hostname="mohammad" failures="0" tests="4" name="test.CreateAccoutTest1" time="45.186" errors="0" timestamp="2025-08-15T18:24:49 EET" skipped="0">
  <testcase classname="test.CreateAccoutTest1" name="testSubmitForm" time="9.592"/>
  <testcase classname="test.CreateAccoutTest1" name="testInvalidEmail" time="7.917"/>
  <testcase classname="test.CreateAccoutTest1" name="testMismatchedPasswords" time="13.563"/>
  <testcase classname="test.CreateAccoutTest1" name="testPasswordShort" time="14.114"/>
</testsuite> <!-- test.CreateAccoutTest1 -->
