<?xml version="1.0" encoding="UTF-8"?>
<!-- Generated by org.testng.reporters.JUnitReportReporter -->
<testsuite hostname="mohammad" failures="0" tests="3" name="test.Tests" time="2.819" errors="0" timestamp="2025-08-15T18:55:32 EET" skipped="2">
  <testcase classname="test.Tests" name="PrivacyandPolicy" time="2.819"/>
  <testcase classname="test.Tests" name="logOut">
    <skipped/>
  </testcase> <!-- logOut -->
  <testcase classname="test.Tests" name="ResponsiveTest">
    <skipped/>
  </testcase> <!-- ResponsiveTest -->
</testsuite> <!-- test.Tests -->
